<?xml version="1.0" encoding="UTF-8"?>
<!-- Generated by org.testng.reporters.JUnitReportReporter -->
<testsuite hostname="LAPTOP-LNQO8009" failures="0" tests="3" name="CalculatorTest" time="0.016" errors="0" timestamp="2021-04-25T19:54:25 MSK" skipped="1">
  <testcase classname="CalculatorTest" name="calculatorDigitTest" time="0.007"/>
  <system-out/>
  <testcase classname="CalculatorTest" name="calcDivideByZero" time="0.009"/>
  <system-out/>
  <testcase classname="CalculatorTest" name="calcSumPositiveValuesTest">
    <skipped/>
  </testcase> <!-- calcSumPositiveValuesTest -->
  <system-out/>
</testsuite> <!-- CalculatorTest -->
